2017/09/10 11:25:36 KBD             99STAMP_PRINT                       0 
2017/09/10 11:25:40 KBD             99STAMP_PRINT                       1 1
2017/09/10 11:25:41 KBD             99STAMP_PRINT                       1 1
2017/09/10 11:25:50 KBD             3ENTER                              2 11
2017/09/10 11:25:52 KBD             3ENTER                              0 
2017/09/10 11:25:54 KBD             3ENTER                              1 1
2017/09/10 11:25:55 KBD             2ESC                                0 
2017/09/10 11:25:57 KBD             3ENTER                              1 1
2017/09/10 11:26:00 KBD             2ESC                                7 1640114
2017/09/10 11:26:02 KBD             93PLU_CHECK                         0 
2017/09/10 11:26:05 KBD             3ENTER                             12 410636520009
2017/09/10 11:26:10 KBD             2ESC                               12 410636520009
2017/09/10 11:26:18 KBD             3ENTER                              1 1
2017/09/10 11:26:21 KBD             3ENTER                              9 164011452
2017/09/10 11:26:24 KBD             3ENTER                              4 2012
2017/09/10 11:28:59 PRINTER         StatusUpdateEvent                  25 11 COVER OPEN 2 0 0 FALSE
2017/09/10 11:29:05 PRINTER         StatusUpdateEvent                  17 12 OK 2 0 0 FALSE
2017/09/10 11:29:24 KBD             78DRAWER_OPEN                       0 
2017/09/10 11:29:27 KBD             3ENTER                              8 30042016
2017/09/10 11:29:59 KBD             3ENTER                              1 1
2017/09/10 11:30:03 KBD             3ENTER                              9 164011452
2017/09/10 11:30:07 KBD             1CLEAR                              2 01
2017/09/10 11:30:07 KBD             1CLEAR                              0 
2017/09/10 11:30:12 KBD             3ENTER                              4 2012
2017/09/10 11:31:01 KBD             93PLU_CHECK                         0 
2017/09/10 11:31:04 KBD             3ENTER                             12 411475680008
2017/09/10 11:31:07 KBD             2ESC                               12 411475680008
2017/09/10 11:31:19 KBD             3ENTER                             12 411475680008
2017/09/10 11:31:23 KBD             3ENTER                              0 
2017/09/10 11:31:39 KBD             77CASHIER OFF                       0 
2017/09/10 11:31:40 KBD             3ENTER                              0 
2017/09/10 11:31:41 KBD             3ENTER                              0 
2017/09/10 11:31:46 KBD             3ENTER                              1 1
2017/09/10 11:31:55 KBD             3ENTER                              9 164011452
2017/09/10 11:32:05 KBD             3ENTER                              4 2012
2017/09/10 11:32:54 KBD             81INPUT_OUTPUT                      0 
2017/09/10 11:33:28 KBD             1CLEAR                              8 30042012
2017/09/10 11:33:31 KBD             3ENTER                              8 30042016
2017/09/10 11:33:39 KBD             8BACK SPACE                         1 5
2017/09/10 11:33:41 KBD             3ENTER                              0 
2017/09/10 11:33:47 KBD             3ENTER                              1 1
2017/09/10 11:33:50 KBD             58CASH                              1 1
2017/09/10 11:33:53 KBD             2ESC                                0 
2017/09/10 11:33:54 KBD             3ENTER                              0 
2017/09/10 11:33:58 KBD             3ENTER                              1 1
2017/09/10 11:34:00 KBD             37PRICE_SET                         1 0
2017/09/10 11:34:01 KBD             3ENTER                              0 
2017/09/10 11:34:55 KBD             3ENTER                              1 1
2017/09/10 11:34:56 KBD             2ESC                                0 
2017/09/10 11:34:57 KBD             2ESC                                1 1
2017/09/10 11:34:57 KBD             2ESC                                0 
2017/09/10 11:34:57 KBD             2ESC                                0 
2017/09/10 11:34:58 KBD             3ENTER                              0 
2017/09/10 11:35:02 KBD             8BACK SPACE                         1 3
2017/09/10 11:35:08 KBD             78DRAWER_OPEN                       0 
2017/09/10 11:35:16 KBD             3ENTER                              8 30042016
2017/09/10 11:36:53 KBD             3ENTER                             12 410636520009
2017/09/10 11:37:07 KBD             3ENTER                              5 74000
2017/09/10 11:37:15 KBD             58CASH                              6 200000
2017/09/10 11:37:15 KBD             3ENTER                              0 
2017/09/10 11:37:16 KBD             3ENTER                              0 
2017/09/10 11:39:16 KBD             3ENTER                             12 410636520009
2017/09/10 11:39:40 KBD             3ENTER                              6 112000
2017/09/10 11:39:53 KBD             41ITEM_CANCEL                       0 
2017/09/10 11:40:00 KBD             8BACK SPACE                         3 301
2017/09/10 11:40:08 KBD             3ENTER                              8 30042016
2017/09/10 11:40:46 KBD             77CASHIER OFF                       0 
2017/09/10 11:40:47 KBD             3ENTER                              0 
2017/09/10 11:44:27 KBD             42ALL_CANCEL                        0 
2017/09/10 11:44:33 KBD             3ENTER                              8 30042016
2017/09/10 11:44:33 KBD             3ENTER                              0 
2017/09/10 11:45:26 KBD             81INPUT_OUTPUT                      0 
2017/09/10 11:45:30 KBD             2ESC                                0 
2017/09/10 11:45:30 KBD             78DRAWER_OPEN                       0 
2017/09/10 11:45:33 KBD             3ENTER                              8 30042016
2017/09/10 11:46:24 KBD             77CASHIER OFF                       0 
2017/09/10 11:46:25 KBD             3ENTER                              0 
2017/09/10 11:47:07 KBD             93PLU_CHECK                         0 
2017/09/10 11:47:19 KBD             3ENTER                             12 411475720001
2017/09/10 11:47:59 KBD             77CASHIER OFF                      12 411475720001
2017/09/10 11:48:00 KBD             3ENTER                              0 
2017/09/10 11:48:03 KBD             2ESC                                0 
2017/09/10 11:48:13 KBD             93PLU_CHECK                         1 1
2017/09/10 11:48:15 KBD             2ESC                                0 
2017/09/10 11:49:16 KBD             3ENTER                              2 11
2017/09/10 11:49:17 KBD             3ENTER                              0 
2017/09/10 11:49:19 KBD             3ENTER                              1 1
2017/09/10 11:49:31 KBD             3ENTER                              9 164011452
2017/09/10 11:49:35 KBD             3ENTER                              4 2012
2017/09/10 11:50:55 KBD             3ENTER                             12 410636520009
2017/09/10 11:51:05 KBD             3ENTER                              5 41600
2017/09/10 11:51:19 KBD             58CASH                              5 52000
2017/09/10 11:51:20 KBD             3ENTER                              0 
2017/09/10 11:51:22 KBD             3ENTER                              0 
2017/09/10 11:52:04 KBD             65SIGN                              0 
2017/09/10 11:52:11 KBD             3ENTER                              4 2012
2017/09/10 11:52:18 KBD             3ENTER                              0 
2017/09/10 11:52:23 KBD             65SIGN                              0 
2017/09/10 11:52:27 KBD             3ENTER                              4 2012
2017/09/10 11:54:05 KBD             77CASHIER OFF                       0 
2017/09/10 11:54:06 KBD             3ENTER                              0 
2017/09/10 11:54:07 KBD             3ENTER                              0 
2017/09/10 11:54:10 KBD             3ENTER                              1 1
2017/09/10 11:54:19 KBD             8BACK SPACE                         9 164011453
2017/09/10 11:54:20 KBD             3ENTER                              9 164011452
2017/09/10 11:54:23 KBD             3ENTER                              4 2012
2017/09/10 11:54:58 KBD             65SIGN                              0 
2017/09/10 11:55:15 KBD             3ENTER                              0 
2017/09/10 11:55:16 KBD             65SIGN                              0 
2017/09/10 11:55:16 KBD             3ENTER                              0 
2017/09/10 11:55:18 KBD             81INPUT_OUTPUT                      0 
2017/09/10 11:55:20 KBD             3ENTER                              8 20180910
2017/09/10 11:55:22 KBD             3ENTER                              8 20180910
2017/09/10 11:55:23 KBD             2ESC                                0 
2017/09/10 11:55:24 KBD             78DRAWER_OPEN                       0 
2017/09/10 11:55:25 KBD             3ENTER                              8 20180910
2017/09/10 11:55:26 KBD             3ENTER                              8 20180910
2017/09/10 11:55:27 KBD             3ENTER                              8 20180910
2017/09/10 11:55:32 KBD             3ENTER                             12 410636520009
2017/09/10 11:55:32 KBD             2ESC                                0 
2017/09/10 11:55:33 KBD             3ENTER                             12 410636520009
2017/09/10 11:55:36 KBD             3ENTER                              2 20
2017/09/10 11:55:37 KBD             41ITEM_CANCEL                       0 
2017/09/10 11:55:38 KBD             3ENTER                              8 20180910
2017/09/10 11:55:39 KBD             3ENTER                              8 20180910
2017/09/10 11:55:42 KBD             2ESC                                0 
2017/09/10 11:55:46 KBD             41ITEM_CANCEL                       0 
2017/09/10 11:55:49 KBD             3ENTER                              8 30042016
2017/09/10 11:55:53 KBD             3ENTER                              8 20180910
2017/09/10 11:56:00 KBD             3ENTER                              8 20170910
2017/09/10 11:56:06 KBD             42ALL_CANCEL                        0 
2017/09/10 11:56:14 KBD             3ENTER                              8 20170910
2017/09/10 11:56:16 KBD             3ENTER                              0 
2017/09/10 12:03:50 KBD             78DRAWER_OPEN                       0 
2017/09/10 12:03:56 KBD             3ENTER                              8 20170910
2017/09/10 12:04:03 KBD             78DRAWER_OPEN                       0 
2017/09/10 12:04:11 KBD             3ENTER                              8 20170910
2017/09/10 12:04:23 KBD             78DRAWER_OPEN                       0 
2017/09/10 12:04:25 KBD             3ENTER                              8 20170910
2017/09/10 12:04:49 KBD             78DRAWER_OPEN                       0 
2017/09/10 12:04:50 KBD             3ENTER                              8 20170910
2017/09/10 12:05:37 KBD             93PLU_CHECK                         0 
2017/09/10 12:05:40 KBD             3ENTER                             13 8938507049357
2017/09/10 12:05:57 KBD             2ESC                               13 8938507049357
2017/09/10 12:12:31 KBD             78DRAWER_OPEN                       0 
2017/09/10 12:12:32 KBD             3ENTER                              8 20170910
2017/09/10 12:13:31 KBD             65SIGN                              0 
2017/09/10 12:13:33 KBD             3ENTER                              4 1111
2017/09/10 12:13:53 KBD             65SIGN                              0 
2017/09/10 12:13:59 KBD             2ESC                                1 1
2017/09/10 12:14:01 KBD             1CLEAR                              1 1
2017/09/10 12:14:02 KBD             8BACK SPACE                         1 1
2017/09/10 12:14:04 KBD             3ENTER                              4 2012
2017/09/10 12:14:09 KBD             3ENTER                              4 1111
2017/09/10 12:14:11 KBD             65SIGN                              0 
2017/09/10 12:14:15 KBD             3ENTER                              6 111111
2017/09/10 12:14:22 KBD             65SIGN                              1 1
2017/09/10 12:14:24 KBD             3ENTER                              5 11111
2017/09/10 12:14:27 KBD             3ENTER                              6 111111
2017/09/10 12:14:28 KBD             65SIGN                              0 
2017/09/10 12:14:32 KBD             1CLEAR                              8 11111111
2017/09/10 12:14:34 KBD             8BACK SPACE                         8 11111111
2017/09/10 12:14:34 KBD             8BACK SPACE                         7 1111111
2017/09/10 12:14:34 KBD             8BACK SPACE                         6 111111
2017/09/10 12:14:34 KBD             8BACK SPACE                         5 11111
2017/09/10 12:14:35 KBD             3ENTER                              4 1111
2017/09/10 12:16:02 KBD             65SIGN                              0 
2017/09/10 12:16:03 KBD             3ENTER                              4 1111
2017/09/10 12:16:04 KBD             65SIGN                              0 
2017/09/10 12:16:13 KBD             3ENTER                              3 111
2017/09/10 12:16:17 KBD             65SIGN                              0 
2017/09/10 12:16:18 KBD             3ENTER                              3 111
2017/09/10 12:16:20 KBD             65SIGN                              0 
2017/09/10 12:16:21 KBD             3ENTER                              3 111
2017/09/10 12:16:22 KBD             65SIGN                              0 
2017/09/10 12:16:23 KBD             3ENTER                              8 23582589
2017/09/10 12:16:25 KBD             3ENTER                              6 239562
2017/09/10 12:16:32 KBD             3ENTER                              3 111
2017/09/10 12:16:33 KBD             65SIGN                              0 
2017/09/10 12:16:36 KBD             8BACK SPACE                         1 1
2017/09/10 12:17:05 KBD             3ENTER                              0 
2017/09/10 12:17:06 KBD             3ENTER                              0 
2017/09/10 12:17:06 KBD             3ENTER                              0 
2017/09/10 12:17:06 KBD             3ENTER                              0 
2017/09/10 12:17:06 KBD             3ENTER                              0 
2017/09/10 12:17:10 KBD             65SIGN                              0 
2017/09/10 12:17:10 KBD             3ENTER                              0 
2017/09/10 12:17:19 KBD             65SIGN                              0 
2017/09/10 12:18:07 KBD             3ENTER                              0 
2017/09/10 12:18:08 KBD             65SIGN                              0 
2017/09/10 12:18:09 KBD             3ENTER                              0 
2017/09/10 12:18:09 KBD             58CASH                              0 
2017/09/10 12:18:10 KBD             3ENTER                              0 
2017/09/10 12:21:59 KBD             3ENTER                             12 410636520009
2017/09/10 12:22:35 KBD             3ENTER                              5 19700
2017/09/10 12:23:18 KBD             41ITEM_CANCEL                       0 
2017/09/10 12:23:27 KBD             3ENTER                              8 20170910
2017/09/10 12:23:36 KBD             42ALL_CANCEL                        0 
2017/09/10 12:23:42 KBD             3ENTER                              8 20170910
2017/09/10 12:23:44 KBD             3ENTER                              0 
2017/09/10 12:24:09 KBD             65SIGN                              0 
2017/09/10 12:24:39 KBD             8BACK SPACE                        16 1111111111111111
2017/09/10 12:24:40 KBD             8BACK SPACE                        15 111111111111111
2017/09/10 12:24:40 KBD             8BACK SPACE                        14 11111111111111
2017/09/10 12:24:40 KBD             8BACK SPACE                        13 1111111111111
2017/09/10 12:24:40 KBD             8BACK SPACE                        12 111111111111
2017/09/10 12:24:41 KBD             8BACK SPACE                        11 11111111111
2017/09/10 12:24:41 KBD             8BACK SPACE                        10 1111111111
2017/09/10 12:24:42 KBD             8BACK SPACE                         9 111111111
2017/09/10 12:24:42 KBD             8BACK SPACE                         8 11111111
2017/09/10 12:24:42 KBD             8BACK SPACE                         7 1111111
2017/09/10 12:24:42 KBD             8BACK SPACE                         6 111111
2017/09/10 12:24:42 KBD             8BACK SPACE                         5 11111
2017/09/10 12:24:42 KBD             8BACK SPACE                         4 1111
2017/09/10 12:24:43 KBD             8BACK SPACE                         3 111
2017/09/10 12:24:43 KBD             8BACK SPACE                         2 11
2017/09/10 12:24:43 KBD             8BACK SPACE                         1 1
2017/09/10 12:24:43 KBD             8BACK SPACE                         0 
2017/09/10 12:24:46 KBD             3ENTER                              3 555
2017/09/10 12:24:55 KBD             65SIGN                              0 
2017/09/10 12:24:59 KBD             3ENTER                              3 555
2017/09/10 12:25:00 KBD             65SIGN                              0 
2017/09/10 12:25:08 KBD             3ENTER                              4 4444
2017/09/10 12:25:11 KBD             65SIGN                              0 
2017/09/10 12:25:14 KBD             3ENTER                              4 4444
2017/09/10 12:25:18 KBD             65SIGN                              0 
2017/09/10 12:25:27 KBD             3ENTER                              4 4444
2017/09/10 12:26:15 KBD             65SIGN                              0 
2017/09/10 12:26:18 KBD             3ENTER                              4 4444
2017/09/10 12:28:48 KBD             3ENTER                             12 410636520009
2017/09/10 12:29:14 KBD             3ENTER                              5 64000
2017/09/10 12:29:30 KBD             3ENTER                              6 200000
2017/09/10 12:29:38 KBD             58CASH                              6 200000
2017/09/10 12:29:38 KBD             3ENTER                              0 
2017/09/10 12:29:40 KBD             3ENTER                              0 
2017/09/10 12:30:52 KBD             65SIGN                              0 
2017/09/10 12:30:55 KBD             3ENTER                              4 4444
2017/09/10 13:07:09 KBD             65SIGN                              0 
2017/09/10 13:07:12 KBD             3ENTER                              4 4444
2017/09/10 13:07:20 KBD             3ENTER                             12 410636520009
2017/09/10 13:07:28 KBD             3ENTER                              5 48000
2017/09/10 13:07:30 KBD             58CASH                              0 
2017/09/10 13:07:34 KBD             2ESC                                0 
2017/09/10 13:07:37 KBD             3ENTER                              0 
2017/09/10 13:07:38 KBD             3ENTER                              0 
2017/09/10 13:08:29 KBD             65SIGN                              0 
2017/09/10 13:08:33 KBD             3ENTER                              4 4444
2017/09/10 13:09:31 KBD             3ENTER                              1 2
2017/09/10 13:09:33 KBD             65SIGN                              1 2
2017/09/10 13:09:37 KBD             3ENTER                              4 4444
2017/09/10 13:09:48 KBD             65SIGN                              0 
2017/09/10 13:09:52 KBD             3ENTER                              4 4444
2017/09/10 13:09:56 KBD             65SIGN                              0 
2017/09/10 13:09:59 KBD             3ENTER                              4 4444
2017/09/10 13:10:01 KBD             77CASHIER OFF                       0 
2017/09/10 13:10:02 KBD             3ENTER                              0 
2017/09/10 13:10:05 KBD             3ENTER                              1 1
2017/09/10 13:10:23 KBD             3ENTER                              9 164011452
2017/09/10 13:10:25 KBD             3ENTER                              4 2012
2017/09/10 13:12:21 KBD             3ENTER                             12 410636520009
2017/09/10 13:12:24 KBD             3ENTER                              1 0
2017/09/10 13:12:33 KBD             58CASH                              6 177500
2017/09/10 13:12:35 KBD             3ENTER                              0 
2017/09/10 13:12:38 KBD             3ENTER                             12 410636520009
2017/09/10 13:12:47 KBD             58CASH                              6 177500
2017/09/10 13:12:48 KBD             3ENTER                              6 177500
2017/09/10 13:12:59 KBD             58CASH                              6 200000
2017/09/10 13:13:00 KBD             3ENTER                              0 
2017/09/10 13:13:08 KBD             2ESC                                0 
2017/09/10 13:13:12 KBD             95POINT                             0 
2017/09/10 13:13:16 KBD             3ENTER                             16 8713430009653168
2017/09/10 13:13:23 KBD             37PRICE_SET                        16 8713430009653168
2017/09/10 13:13:29 KBD             58CASH                              6 200000
2017/09/10 13:13:30 KBD             3ENTER                              0 
2017/09/10 13:13:31 KBD             3ENTER                              0 
2017/09/10 13:14:16 KBD             65SIGN                              0 
2017/09/10 13:34:41 KBD             3ENTER                              4 4444
2017/09/10 13:34:51 KBD             65SIGN                              0 
2017/09/10 13:34:55 KBD             3ENTER                              4 4444
2017/09/10 13:36:11 KBD             3ENTER                             12 410636520009
2017/09/10 13:36:21 KBD             3ENTER                              5 42600
2017/09/10 13:36:30 KBD             58CASH                              6 100000
2017/09/10 13:36:31 KBD             3ENTER                              0 
2017/09/10 13:36:32 KBD             3ENTER                              0 
2017/09/10 13:37:00 KBD             2ESC                                0 
2017/09/10 13:37:02 KBD             3ENTER                              0 
2017/09/10 13:37:03 KBD             65SIGN                              0 
2017/09/10 13:52:39 KBD             3ENTER                              4 4444
2017/09/10 13:52:41 KBD             65SIGN                              0 
2017/09/10 13:52:44 KBD             3ENTER                              4 4444
2017/09/10 13:52:47 KBD             3ENTER                             12 410636520009
2017/09/10 13:53:03 KBD             3ENTER                              6 135500
2017/09/10 13:53:09 KBD             58CASH                              6 150000
2017/09/10 13:53:10 KBD             3ENTER                              0 
2017/09/10 13:53:11 KBD             3ENTER                              0 
2017/09/10 13:53:53 KBD             65SIGN                              0 
2017/09/10 13:57:07 KBD             3ENTER                              4 4444
2017/09/10 13:57:08 KBD             65SIGN                              0 
2017/09/10 13:57:10 KBD             3ENTER                              4 4444
2017/09/10 13:57:13 KBD             3ENTER                             12 410636520009
2017/09/10 13:57:19 KBD             3ENTER                              5 67700
2017/09/10 13:57:25 KBD             95POINT                             0 
2017/09/10 13:57:30 KBD             3ENTER                             16 8713430005330685
2017/09/10 13:57:34 KBD             3ENTER                             16 8713430005330685
2017/09/10 13:57:36 KBD             37PRICE_SET                        16 8713430005330685
2017/09/10 13:57:43 KBD             3ENTER                              6 200000
2017/09/10 13:57:50 KBD             3ENTER                             12 410636520009
2017/09/10 13:57:59 KBD             3ENTER                              5 67700
2017/09/10 13:58:08 KBD             58CASH                              6 200000
2017/09/10 13:58:09 KBD             3ENTER                              0 
2017/09/10 13:58:10 KBD             3ENTER                              0 
2017/09/10 14:00:25 KBD             3ENTER                             12 410636520009
2017/09/10 14:00:31 KBD             3ENTER                              5 33000
2017/09/10 14:00:59 KBD             58CASH                              5 50000
2017/09/10 14:01:00 KBD             3ENTER                              0 
2017/09/10 14:01:01 KBD             3ENTER                              0 
2017/09/10 14:01:20 KBD             65SIGN                              0 
2017/09/10 14:11:50 KBD             3ENTER                              4 4444
2017/09/10 14:11:51 KBD             65SIGN                              0 
2017/09/10 14:11:53 KBD             3ENTER                              4 4444
2017/09/10 14:11:56 KBD             3ENTER                             12 410636520009
2017/09/10 14:12:03 KBD             3ENTER                              5 77500
2017/09/10 14:12:14 KBD             58CASH                              6 100500
2017/09/10 14:12:14 KBD             3ENTER                              0 
2017/09/10 14:12:15 KBD             3ENTER                              0 
2017/09/10 14:13:20 KBD             65SIGN                              0 
2017/09/10 14:16:47 KBD             3ENTER                              4 4444
2017/09/10 14:16:48 KBD             65SIGN                              0 
2017/09/10 14:16:50 KBD             3ENTER                              4 4444
2017/09/10 14:16:53 KBD             3ENTER                             12 410636520009
2017/09/10 14:16:59 KBD             3ENTER                              5 21000
2017/09/10 14:17:10 KBD             8BACK SPACE                         4 5000
2017/09/10 14:17:18 KBD             8BACK SPACE                         6 500100
2017/09/10 14:17:18 KBD             8BACK SPACE                         5 50010
2017/09/10 14:17:18 KBD             8BACK SPACE                         4 5001
2017/09/10 14:17:19 KBD             8BACK SPACE                         3 500
2017/09/10 14:17:22 KBD             58CASH                              6 501000
2017/09/10 14:17:23 KBD             3ENTER                              0 
2017/09/10 14:17:24 KBD             3ENTER                              0 
2017/09/10 14:17:58 KBD             65SIGN                              0 
2017/09/10 14:22:40 KBD             3ENTER                              4 4444
2017/09/10 14:22:41 KBD             65SIGN                              0 
2017/09/10 14:22:42 KBD             3ENTER                              4 4444
2017/09/10 14:22:47 KBD             3ENTER                             12 410636520009
2017/09/10 14:22:58 KBD             3ENTER                              5 47200
2017/09/10 14:23:01 KBD             95POINT                             0 
2017/09/10 14:23:15 KBD             3ENTER                             16 8713430010756452
2017/09/10 14:23:20 KBD             37PRICE_SET                        16 8713430010756452
2017/09/10 14:23:57 KBD             3ENTER                             12 410636520009
2017/09/10 14:24:06 KBD             3ENTER                              5 48600
2017/09/10 14:24:25 KBD             58CASH                              6 100000
2017/09/10 14:24:25 KBD             3ENTER                              0 
2017/09/10 14:24:26 KBD             3ENTER                              0 
2017/09/10 14:24:40 KBD             2ESC                                0 
2017/09/10 14:24:41 KBD             3ENTER                              0 
2017/09/10 14:24:43 KBD             65SIGN                              0 
2017/09/10 14:27:30 KBD             3ENTER                              4 4444
2017/09/10 14:27:30 KBD             65SIGN                              0 
2017/09/10 14:27:32 KBD             3ENTER                              4 4444
2017/09/10 14:27:35 KBD             3ENTER                             12 410636520009
2017/09/10 14:27:42 KBD             3ENTER                              6 188500
2017/09/10 14:27:55 KBD             41ITEM_CANCEL                       0 
2017/09/10 14:28:03 KBD             3ENTER                              4 2012
2017/09/10 14:28:18 KBD             8BACK SPACE                         4 2012
2017/09/10 14:28:18 KBD             8BACK SPACE                         3 201
2017/09/10 14:28:18 KBD             8BACK SPACE                         2 20
2017/09/10 14:28:19 KBD             8BACK SPACE                         1 2
2017/09/10 14:28:28 KBD             3ENTER                              8 30042016
2017/09/10 14:31:51 KBD             41ITEM_CANCEL                       0 
2017/09/10 14:31:58 KBD             3ENTER                              8 20170910
2017/09/10 14:32:14 KBD             3ENTER                             12 410636520009
2017/09/10 14:32:21 KBD             3ENTER                              6 118500
2017/09/10 14:32:27 KBD             58CASH                              6 120000
2017/09/10 14:32:28 KBD             3ENTER                              0 
2017/09/10 14:32:29 KBD             3ENTER                              0 
2017/09/10 14:33:01 KBD             77CASHIER OFF                       0 
2017/09/10 14:33:04 KBD             3ENTER                              0 
2017/09/10 14:33:04 KBD             3ENTER                              0 
2017/09/10 14:33:10 KBD             3ENTER                              1 1
2017/09/10 14:33:17 KBD             8BACK SPACE                         9 164011453
2017/09/10 14:33:22 KBD             3ENTER                              9 164011452
2017/09/10 14:33:40 KBD             3ENTER                              4 2012
2017/09/10 14:33:51 KBD             3ENTER                             12 410636520009
2017/09/10 14:34:30 KBD             2ESC                                1 0
2017/09/10 14:34:51 KBD             3ENTER                             12 410636520009
2017/09/10 14:35:00 KBD             3ENTER                              5 63800
2017/09/10 14:35:04 KBD             95POINT                             0 
2017/09/10 14:35:07 KBD             3ENTER                             16 8713430010785630
2017/09/10 14:35:09 KBD             3ENTER                             16 8713430010785630
2017/09/10 14:35:15 KBD             3ENTER                             16 8713430010785630
2017/09/10 14:35:17 KBD             95POINT                            16 8713430010785630
2017/09/10 14:35:19 KBD             3ENTER                              0 
2017/09/10 14:35:31 KBD             3ENTER                             16 8713430010785630
2017/09/10 14:35:45 KBD             37PRICE_SET                        16 8713430010785630
2017/09/10 14:35:49 KBD             58CASH                              0 
2017/09/10 14:35:52 KBD             3ENTER                              0 
2017/09/10 14:35:53 KBD             3ENTER                              0 
2017/09/10 14:37:04 KBD             99STAMP_PRINT                       0 
2017/09/10 14:37:06 KBD             99STAMP_PRINT                       0 
2017/09/10 14:52:22 KBD             65SIGN                              0 
2017/09/10 14:54:47 KBD             3ENTER                              4 4444
2017/09/10 14:54:47 KBD             65SIGN                              0 
2017/09/10 14:54:50 KBD             3ENTER                              4 4444
2017/09/10 14:54:54 KBD             3ENTER                             12 410636520009
2017/09/10 14:55:00 KBD             3ENTER                              5 48500
2017/09/10 14:55:06 KBD             8BACK SPACE                         3 500
2017/09/10 14:55:09 KBD             58CASH                              5 50500
2017/09/10 14:55:10 KBD             3ENTER                              0 
2017/09/10 14:55:11 KBD             3ENTER                              0 
2017/09/10 14:55:42 KBD             3ENTER                             12 410636520009
2017/09/10 14:55:46 KBD             3ENTER                              5 18000
2017/09/10 14:55:55 KBD             3ENTER                              6 208000
2017/09/10 14:56:06 KBD             58CASH                              6 208000
2017/09/10 14:56:08 KBD             3ENTER                              0 
2017/09/10 14:56:09 KBD             3ENTER                              0 
2017/09/10 14:57:04 KBD             72VOID                              0 
2017/09/10 14:57:05 KBD             3ENTER                              2 00
2017/09/10 14:57:06 KBD             3ENTER                              0 
2017/09/10 14:57:08 KBD             3ENTER                             24 012170910311200230001354
2017/09/10 14:57:13 KBD             3ENTER                              1 1
2017/09/10 14:57:48 KBD             3ENTER                             12 410636520009
2017/09/10 14:57:54 KBD             3ENTER                              5 67700
2017/09/10 14:57:54 KBD             58CASH                              0 
2017/09/10 14:57:55 KBD             3ENTER                              0 
2017/09/10 14:57:56 KBD             3ENTER                              0 
2017/09/10 14:59:08 KBD             78DRAWER_OPEN                       0 
2017/09/10 14:59:11 KBD             8BACK SPACE                         5 30041
2017/09/10 14:59:13 KBD             3ENTER                              8 30042016
2017/09/10 14:59:21 KBD             2ESC                                0 
2017/09/10 14:59:43 KBD             78DRAWER_OPEN                       0 
2017/09/10 14:59:48 KBD             3ENTER                              8 30042016
2017/09/10 15:00:01 KBD             2ESC                                0 
2017/09/10 15:00:33 KBD             65SIGN                              0 
2017/09/10 15:06:13 KBD             3ENTER                              4 4444
2017/09/10 15:06:14 KBD             65SIGN                              0 
2017/09/10 15:06:15 KBD             3ENTER                              4 4444
2017/09/10 15:06:22 KBD             65SIGN                              0 
2017/09/10 15:06:30 KBD             3ENTER                              4 4444
2017/09/10 15:06:30 KBD             65SIGN                              0 
2017/09/10 15:06:32 KBD             3ENTER                              4 4444
2017/09/10 15:06:37 KBD             3ENTER                             12 410636520009
2017/09/10 15:06:45 KBD             3ENTER                              5 70500
2017/09/10 15:06:56 KBD             58CASH                              6 100000
2017/09/10 15:06:57 KBD             3ENTER                              0 
2017/09/10 15:06:58 KBD             3ENTER                              0 
2017/09/10 15:07:32 KBD             65SIGN                              0 
2017/09/10 15:09:08 KBD             3ENTER                              4 4444
2017/09/10 15:09:10 KBD             65SIGN                              0 
2017/09/10 15:09:12 KBD             3ENTER                              4 4444
2017/09/10 15:09:28 KBD             3ENTER                             12 410636520009
2017/09/10 15:09:34 KBD             8BACK SPACE                         4 1888
2017/09/10 15:09:38 KBD             3ENTER                              6 188000
2017/09/10 15:09:46 KBD             58CASH                              6 500000
2017/09/10 15:09:47 KBD             3ENTER                              0 
2017/09/10 15:09:48 KBD             3ENTER                              0 
2017/09/10 15:10:17 KBD             81INPUT_OUTPUT                      0 
2017/09/10 15:10:21 KBD             3ENTER                              8 30042016
2017/09/10 15:10:23 KBD             3ENTER                              0 
2017/09/10 15:10:58 KBD             2ESC                                0 
2017/09/10 15:10:59 KBD             65SIGN                              0 
2017/09/10 15:17:00 KBD             3ENTER                              4 4444
2017/09/10 15:17:02 KBD             65SIGN                              1 4
2017/09/10 15:17:06 KBD             8BACK SPACE                         2 40
2017/09/10 15:17:06 KBD             8BACK SPACE                         1 4
2017/09/10 15:17:07 KBD             8BACK SPACE                         0 
2017/09/10 15:17:11 KBD             3ENTER                              4 4444
2017/09/10 15:17:15 KBD             78DRAWER_OPEN                       0 
2017/09/10 15:17:23 KBD             3ENTER                              6 201708
2017/09/10 15:17:25 KBD             3ENTER                              6 201708
2017/09/10 15:17:31 KBD             3ENTER                              6 201708
2017/09/10 15:17:36 KBD             2ESC                                0 
2017/09/10 15:17:41 KBD             3ENTER                             12 410636520009
2017/09/10 15:17:51 KBD             3ENTER                              6 236500
2017/09/10 15:17:56 KBD             58CASH                              6 250000
2017/09/10 15:17:57 KBD             3ENTER                              0 
2017/09/10 15:17:57 KBD             3ENTER                              0 
2017/09/10 15:20:22 KBD             65SIGN                              0 
2017/09/10 15:20:43 KBD             3ENTER                              4 4444
2017/09/10 15:20:44 KBD             65SIGN                              0 
2017/09/10 15:20:46 KBD             3ENTER                              4 4444
2017/09/10 15:20:50 KBD             3ENTER                             12 410636520009
2017/09/10 15:20:56 KBD             3ENTER                              5 66200
2017/09/10 15:21:07 KBD             58CASH                              6 200000
2017/09/10 15:21:07 KBD             3ENTER                              0 
2017/09/10 15:21:08 KBD             3ENTER                              0 
2017/09/10 15:22:13 KBD             65SIGN                              0 
2017/09/10 15:24:12 KBD             3ENTER                              4 4444
2017/09/10 15:24:14 KBD             65SIGN                              0 
2017/09/10 15:24:18 KBD             3ENTER                              4 4444
2017/09/10 15:24:33 KBD             78DRAWER_OPEN                       0 
2017/09/10 15:25:24 KBD             3ENTER                             12 410636520009
2017/09/10 15:25:39 KBD             2ESC                                0 
2017/09/10 15:25:44 KBD             65SIGN                              0 
2017/09/10 15:31:23 KBD             2ESC                                0 
2017/09/10 15:31:26 KBD             78DRAWER_OPEN                       0 
2017/09/10 15:31:36 KBD             3ENTER                              6 201708
2017/09/10 15:31:37 KBD             3ENTER                              6 201708
2017/09/10 15:31:38 KBD             3ENTER                              6 201708
2017/09/10 15:31:38 KBD             3ENTER                              6 201708
2017/09/10 15:31:39 KBD             3ENTER                              6 201708
2017/09/10 15:31:40 KBD             3ENTER                              6 201708
2017/09/10 15:31:49 KBD             3ENTER                              6 201708
2017/09/10 15:31:49 KBD             3ENTER                              6 201708
2017/09/10 15:31:57 KBD             3ENTER                              6 201708
2017/09/10 15:32:00 KBD             3ENTER                              6 201708
2017/09/10 15:32:46 KBD             3ENTER                              8 20170910
2017/09/10 15:34:26 KBD             65SIGN                              0 
2017/09/10 15:34:29 KBD             3ENTER                              4 1111
2017/09/10 15:38:06 KBD             65SIGN                              0 
2017/09/10 15:38:08 KBD             3ENTER                              4 1111
2017/09/10 15:38:11 KBD             3ENTER                             12 410636520009
2017/09/10 15:38:15 KBD             3ENTER                              5 42300
2017/09/10 15:38:29 KBD             58CASH                              6 100000
2017/09/10 15:38:29 KBD             3ENTER                              0 
2017/09/10 15:38:30 KBD             3ENTER                              0 
2017/09/10 15:40:34 KBD             3ENTER                             12 410636520009
2017/09/10 15:40:37 KBD             2ESC                                1 0
2017/09/10 15:40:52 KBD             78DRAWER_OPEN                       0 
2017/09/10 15:41:02 KBD             3ENTER                              6 201708
2017/09/10 15:41:11 KBD             2ESC                                0 
2017/09/10 15:41:27 KBD             65SIGN                              0 
2017/09/10 15:41:36 KBD             3ENTER                              4 1111
2017/09/10 15:44:07 KBD             65SIGN                              0 
2017/09/10 15:44:11 KBD             3ENTER                              4 1111
2017/09/10 15:44:18 KBD             3ENTER                             12 410636520009
2017/09/10 15:44:29 KBD             3ENTER                              5 33000
2017/09/10 15:44:37 KBD             3ENTER                              6 100000
2017/09/10 15:44:47 KBD             58CASH                              6 100000
2017/09/10 15:44:48 KBD             3ENTER                              0 
2017/09/10 15:44:49 KBD             3ENTER                              0 
2017/09/10 15:46:36 KBD             65SIGN                              0 
2017/09/10 15:46:47 KBD             3ENTER                              4 5555
2017/09/10 15:46:49 KBD             65SIGN                              0 
2017/09/10 15:46:52 KBD             3ENTER                              4 5555
2017/09/10 15:46:54 KBD             65SIGN                              0 
2017/09/10 15:47:01 KBD             3ENTER                              4 1234
2017/09/10 15:47:51 KBD             65SIGN                              0 
2017/09/10 15:47:57 KBD             3ENTER                              4 1234
2017/09/10 15:48:05 KBD             3ENTER                             12 410636520009
2017/09/10 15:49:40 KBD             3ENTER                              5 47600
2017/09/10 15:49:42 KBD             95POINT                             0 
2017/09/10 15:49:47 KBD             3ENTER                             16 8713430008334895
2017/09/10 15:49:51 KBD             37PRICE_SET                        16 8713430008334895
2017/09/10 15:50:03 KBD             53POINT_CASH                        0 
2017/09/10 15:50:07 KBD             3ENTER                              0 
2017/09/10 15:50:12 KBD             37PRICE_SET                         3 600
2017/09/10 15:50:17 KBD             3ENTER                              0 
2017/09/10 15:50:26 KBD             58CASH                              6 107000
2017/09/10 15:50:27 KBD             3ENTER                              0 
2017/09/10 15:51:36 KBD             3ENTER                             12 410636520009
2017/09/10 15:51:42 KBD             3ENTER                              5 46500
2017/09/10 15:51:50 KBD             95POINT                             0 
2017/09/10 15:51:53 KBD             3ENTER                             16 8713430008663885
2017/09/10 15:51:58 KBD             37PRICE_SET                        16 8713430008663885
2017/09/10 15:52:11 KBD             8BACK SPACE                         3 105
2017/09/10 15:52:16 KBD             58CASH                              6 100500
2017/09/10 15:52:16 KBD             3ENTER                              0 
2017/09/10 15:52:18 KBD             3ENTER                              0 
2017/09/10 15:53:23 KBD             65SIGN                              0 
2017/09/10 15:53:26 KBD             3ENTER                              4 1111
2017/09/10 16:06:32 KBD             72VOID                              1 1
2017/09/10 16:06:32 KBD             3ENTER                              1 1
2017/09/10 16:06:33 KBD             65SIGN                              1 1
2017/09/10 16:06:33 KBD             72VOID                              4 1111
2017/09/10 16:06:34 KBD             3ENTER                              9 210170828
2017/09/10 16:06:34 KBD             72VOID                              9 210170828
2017/09/10 16:06:34 KBD             3ENTER                              8 20170828
2017/09/10 16:06:36 KBD             3ENTER                              3 111
2017/09/10 16:06:41 KBD             3ENTER                              3 111
2017/09/10 16:07:42 KBD             3ENTER                              4 1111
2017/09/10 16:27:21 KBD             3ENTER                              1 7
2017/09/10 16:27:24 KBD             3ENTER                              1 1
2017/09/10 16:27:31 KBD             3ENTER                              9 164011452
2017/09/10 16:27:34 KBD             3ENTER                              4 2012
2017/09/10 16:27:39 KBD             3ENTER                             12 410636520009
2017/09/10 16:27:46 KBD             3ENTER                              5 16500
2017/09/10 16:27:50 KBD             58CASH                              0 
2017/09/10 16:27:55 KBD             2ESC                                0 
2017/09/10 16:27:57 KBD             2ESC                                0 
2017/09/10 16:27:57 KBD             2ESC                                0 
2017/09/10 16:27:57 KBD             2ESC                                0 
2017/09/10 16:27:57 KBD             2ESC                                0 
2017/09/10 16:27:57 KBD             2ESC                                0 
2017/09/10 16:27:58 KBD             2ESC                                0 
2017/09/10 16:27:58 KBD             2ESC                                0 
2017/09/10 16:27:58 KBD             2ESC                                0 
2017/09/10 16:27:58 KBD             2ESC                                0 
2017/09/10 16:27:58 KBD             2ESC                                0 
2017/09/10 16:27:58 KBD             2ESC                                0 
2017/09/10 16:28:01 KBD             3ENTER                              0 
2017/09/10 16:28:04 KBD             2ESC                                0 
2017/09/10 16:28:10 KBD             58CASH                              5 17000
2017/09/10 16:28:11 KBD             3ENTER                              0 
2017/09/10 16:28:12 KBD             3ENTER                              0 
2017/09/10 16:29:57 KBD             77CASHIER OFF                       0 
2017/09/10 16:29:58 KBD             3ENTER                              0 
2017/09/10 16:29:59 KBD             3ENTER                              0 
2017/09/10 16:30:14 KBD             3ENTER                              1 1
2017/09/10 16:30:22 KBD             2ESC                                0 
2017/09/10 16:30:23 KBD             3ENTER                              1 1
2017/09/10 16:30:26 KBD             3ENTER                              9 126401145
2017/09/10 16:30:31 KBD             4UP ARROW                           4 2012
2017/09/10 16:30:36 KBD             1CLEAR                              9 126401145
2017/09/10 16:30:40 KBD             3ENTER                              9 164011452
2017/09/10 16:31:03 KBD             2ESC                                0 
2017/09/10 16:31:14 KBD             3ENTER                              1 1
2017/09/10 16:31:21 KBD             3ENTER                              9 164011452
2017/09/10 16:31:23 KBD             3ENTER                              4 2012
2017/09/10 16:31:31 KBD             77CASHIER OFF                       0 
2017/09/10 16:31:35 KBD             3ENTER                              0 
2017/09/10 16:31:42 KBD             3ENTER                              1 2
2017/09/10 16:31:48 KBD             8BACK SPACE                         7 1640115
2017/09/10 16:31:49 KBD             3ENTER                              9 164011452
2017/09/10 16:31:52 KBD             8BACK SPACE                         2 01
2017/09/10 16:31:52 KBD             8BACK SPACE                         1 0
2017/09/10 16:31:55 KBD             3ENTER                              4 2012
2017/09/10 16:32:00 KBD             5DOWN ARROW                         1 5
2017/09/10 16:32:04 KBD             5DOWN ARROW                         1 1
2017/09/10 16:32:05 KBD             5DOWN ARROW                         1 0
2017/09/10 16:32:16 KBD             3ENTER                              1 2
2017/09/10 16:32:21 KBD             5DOWN ARROW                         1 0
2017/09/10 16:32:21 KBD             5DOWN ARROW                         1 0
2017/09/10 16:32:22 KBD             5DOWN ARROW                         1 0
2017/09/10 16:32:22 KBD             5DOWN ARROW                         1 0
2017/09/10 16:32:22 KBD             5DOWN ARROW                         1 0
2017/09/10 16:32:22 KBD             5DOWN ARROW                         1 0
2017/09/10 16:32:23 KBD             5DOWN ARROW                         1 0
2017/09/10 16:32:23 KBD             5DOWN ARROW                         1 0
2017/09/10 16:32:23 KBD             4UP ARROW                           1 0
2017/09/10 16:32:24 KBD             4UP ARROW                           1 0
2017/09/10 16:32:24 KBD             4UP ARROW                           1 0
2017/09/10 16:32:40 KBD             2ESC                                1 0
2017/09/10 16:32:49 KBD             3ENTER                              1 1
2017/09/10 16:32:54 KBD             3ENTER                              9 164011452
2017/09/10 16:32:55 KBD             8BACK SPACE                         1 0
2017/09/10 16:32:58 KBD             3ENTER                              4 2012
2017/09/10 16:35:17 KBD             3ENTER                             12 410636520009
2017/09/10 16:35:26 KBD             3ENTER                              5 63800
2017/09/10 16:35:38 KBD             95POINT                             0 
2017/09/10 16:35:48 KBD             3ENTER                             16 8713430009602182
2017/09/10 16:35:52 KBD             37PRICE_SET                        16 8713430009602182
2017/09/10 16:35:54 KBD             53POINT_CASH                        0 
2017/09/10 16:36:00 KBD             3ENTER                              0 
2017/09/10 16:36:21 KBD             8BACK SPACE                         4 3800
2017/09/10 16:36:21 KBD             8BACK SPACE                         3 380
2017/09/10 16:36:22 KBD             8BACK SPACE                         2 38
2017/09/10 16:36:22 KBD             8BACK SPACE                         1 3
2017/09/10 16:36:26 KBD             37PRICE_SET                         4 2800
2017/09/10 16:36:27 KBD             3ENTER                              0 
2017/09/10 16:36:41 KBD             58CASH                              5 61000
2017/09/10 16:36:41 KBD             3ENTER                              0 
2017/09/10 16:38:56 KBD             3ENTER                             12 410636520009
2017/09/10 16:39:13 KBD             3ENTER                              5 65000
2017/09/10 16:39:30 KBD             3ENTER                              6 200000
2017/09/10 16:39:34 KBD             58CASH                              6 200000
2017/09/10 16:39:35 KBD             3ENTER                              0 
2017/09/10 16:39:35 KBD             3ENTER                              0 
2017/09/10 16:40:38 KBD             3ENTER                             12 410636520009
2017/09/10 16:40:44 KBD             3ENTER                              6 121800
2017/09/10 16:40:52 KBD             58CASH                              6 125000
2017/09/10 16:40:53 KBD             3ENTER                              0 
2017/09/10 16:40:53 KBD             3ENTER                              0 
2017/09/10 16:40:57 PRINTER         StatusUpdateEvent                  26 24 REC NO PAPER 2 0 0 TRUE
2017/09/10 16:41:13 PRINTER         StatusUpdateEvent                  17 26 OK 3 0 0 FALSE
2017/09/10 16:41:13 PRINTER         StatusUpdateEvent                  25 11 COVER OPEN 3 0 0 FALSE
2017/09/10 16:41:50 PRINTER         StatusUpdateEvent                  17 12 OK 2 0 0 FALSE
2017/09/10 16:42:13 KBD             3ENTER                             12 410636520009
2017/09/10 16:42:16 KBD             3ENTER                              5 21500
2017/09/10 16:42:21 KBD             58CASH                              5 22000
2017/09/10 16:42:21 KBD             3ENTER                              0 
2017/09/10 16:42:22 KBD             3ENTER                              0 
2017/09/10 16:45:03 KBD             3ENTER                             12 410636520009
2017/09/10 16:45:07 KBD             3ENTER                              6 190500
2017/09/10 16:45:19 KBD             95POINT                             0 
2017/09/10 16:45:25 KBD             3ENTER                             16 8713430008418434
2017/09/10 16:45:30 KBD             37PRICE_SET                        16 8713430008418434
2017/09/10 16:45:36 KBD             58CASH                              6 200000
2017/09/10 16:45:36 KBD             3ENTER                              0 
2017/09/10 16:45:36 KBD             3ENTER                              0 
2017/09/10 16:46:01 KBD             3ENTER                             12 410636520009
2017/09/10 16:46:09 KBD             3ENTER                              5 76600
2017/09/10 16:46:10 KBD             95POINT                             0 
2017/09/10 16:46:16 KBD             3ENTER                             16 8713430008418434
2017/09/10 16:46:18 KBD             37PRICE_SET                        16 8713430008418434
2017/09/10 16:46:23 KBD             53POINT_CASH                        0 
2017/09/10 16:46:24 KBD             3ENTER                              0 
2017/09/10 16:46:29 KBD             3ENTER                              3 600
2017/09/10 16:46:30 KBD             3ENTER                              0 
2017/09/10 16:46:35 KBD             37PRICE_SET                         3 600
2017/09/10 16:46:36 KBD             3ENTER                              0 
2017/09/10 16:46:53 KBD             3ENTER                              6 126000
2017/09/10 16:46:55 KBD             3ENTER                              0 
2017/09/10 16:46:57 KBD             58CASH                              6 126000
2017/09/10 16:46:57 KBD             3ENTER                              0 
2017/09/10 16:46:58 KBD             3ENTER                              0 
2017/09/10 16:47:27 KBD             3ENTER                              0 
2017/09/10 16:47:28 KBD             3ENTER                             12 410636520009
2017/09/10 16:47:32 KBD             3ENTER                              5 93000
2017/09/10 16:47:45 KBD             95POINT                             0 
2017/09/10 16:47:47 KBD             3ENTER                             16 8713430006936015
2017/09/10 16:47:50 KBD             37PRICE_SET                        16 8713430006936015
2017/09/10 16:47:59 KBD             58CASH                              6 500000
2017/09/10 16:47:59 KBD             3ENTER                              0 
2017/09/10 16:47:59 KBD             3ENTER                              0 
2017/09/10 16:49:00 KBD             3ENTER                             12 410636520009
2017/09/10 16:49:20 KBD             3ENTER                              5 62500
2017/09/10 16:49:40 KBD             95POINT                             0 
2017/09/10 16:49:42 KBD             3ENTER                             16 8713430006921563
2017/09/10 16:49:47 KBD             37PRICE_SET                        16 8713430006921563
2017/09/10 16:49:53 KBD             58CASH                              6 103000
2017/09/10 16:49:53 KBD             3ENTER                              0 
2017/09/10 16:49:53 KBD             3ENTER                              0 
2017/09/10 16:50:30 KBD             3ENTER                             12 410636520009
2017/09/10 16:50:44 KBD             3ENTER                              6 118200
2017/09/10 16:50:45 KBD             95POINT                             0 
2017/09/10 16:50:59 KBD             3ENTER                             16 8713000006130075
2017/09/10 16:51:04 KBD             37PRICE_SET                        16 8713000006130075
2017/09/10 16:51:06 KBD             53POINT_CASH                        0 
2017/09/10 16:51:07 KBD             3ENTER                              0 
2017/09/10 16:51:09 KBD             37PRICE_SET                         3 200
2017/09/10 16:51:10 KBD             3ENTER                              0 
2017/09/10 16:51:16 KBD             58CASH                              6 500000
2017/09/10 16:51:16 KBD             3ENTER                              0 
2017/09/10 16:51:17 KBD             3ENTER                              0 
2017/09/10 16:51:41 KBD             3ENTER                              0 
2017/09/10 16:51:43 KBD             3ENTER                             12 410636520009
2017/09/10 16:51:46 KBD             3ENTER                              5 17500
2017/09/10 16:51:51 KBD             37PRICE_SET                         5 50000
2017/09/10 16:51:55 KBD             2ESC                                0 
2017/09/10 16:51:57 KBD             58CASH                              5 50000
2017/09/10 16:51:57 KBD             3ENTER                              0 
2017/09/10 16:51:58 KBD             3ENTER                              0 
2017/09/10 16:52:38 KBD             3ENTER                             12 410636520009
2017/09/10 16:52:41 KBD             3ENTER                              5 62600
2017/09/10 16:52:48 KBD             58CASH                              6 100000
2017/09/10 16:52:48 KBD             3ENTER                              0 
2017/09/10 16:52:49 KBD             3ENTER                              0 
2017/09/10 16:53:26 KBD             65SIGN                              0 
2017/09/10 16:53:32 KBD             3ENTER                              6 123456
2017/09/10 16:53:45 KBD             65SIGN                              0 
2017/09/10 16:53:48 KBD             3ENTER                              6 123456
2017/09/10 16:53:58 KBD             3ENTER                             12 410636520009
2017/09/10 16:54:03 KBD             3ENTER                              5 85200
2017/09/10 16:54:09 KBD             95POINT                             0 
2017/09/10 16:54:26 KBD             3ENTER                             16 8713230005335716
2017/09/10 16:54:30 KBD             37PRICE_SET                        16 8713230005335716
2017/09/10 16:54:42 KBD             53POINT_CASH                        0 
2017/09/10 16:54:43 KBD             3ENTER                              0 
2017/09/10 16:54:45 KBD             37PRICE_SET                         4 5200
2017/09/10 16:54:46 KBD             3ENTER                              0 
2017/09/10 16:54:49 KBD             58CASH                              6 100000
2017/09/10 16:54:49 KBD             3ENTER                              0 
2017/09/10 16:54:50 KBD             3ENTER                              0 
2017/09/10 16:56:44 KBD             3ENTER                              0 
2017/09/10 16:57:58 KBD             3ENTER                             12 410636520009
2017/09/10 16:58:01 KBD             3ENTER                              5 51600
2017/09/10 16:58:14 KBD             95POINT                             0 
2017/09/10 16:58:18 KBD             3ENTER                             16 8713430005314465
2017/09/10 16:58:24 KBD             37PRICE_SET                        16 8713430005314465
2017/09/10 16:58:25 KBD             3ENTER                              0 
2017/09/10 16:58:28 KBD             3ENTER                              0 
2017/09/10 16:58:29 KBD             53POINT_CASH                        0 
2017/09/10 16:58:29 KBD             3ENTER                              0 
2017/09/10 16:58:31 KBD             37PRICE_SET                         4 1600
2017/09/10 16:58:31 KBD             3ENTER                              0 
2017/09/10 16:58:32 KBD             3ENTER                              0 
2017/09/10 16:58:33 KBD             3ENTER                              0 
2017/09/10 16:58:47 KBD             58CASH                              0 
2017/09/10 16:58:47 KBD             3ENTER                              0 
2017/09/10 16:58:48 KBD             3ENTER                              0 
2017/09/10 16:59:23 KBD             3ENTER                              0 
2017/09/10 17:01:22 KBD             3ENTER                             12 410636520009
2017/09/10 17:01:50 KBD             8BACK SPACE                         5 25552
2017/09/10 17:01:50 KBD             8BACK SPACE                         4 2555
2017/09/10 17:01:51 KBD             8BACK SPACE                         3 255
2017/09/10 17:01:51 KBD             8BACK SPACE                         2 25
2017/09/10 17:01:51 KBD             8BACK SPACE                         1 2
2017/09/10 17:02:05 KBD             3ENTER                              3 100
2017/09/10 17:02:30 KBD             41ITEM_CANCEL                       0 
2017/09/10 17:02:37 KBD             3ENTER                              8 20170910
2017/09/10 17:02:42 KBD             42ALL_CANCEL                        0 
2017/09/10 17:02:49 KBD             3ENTER                              8 20170910
2017/09/10 17:02:52 KBD             3ENTER                              0 
2017/09/10 17:03:14 KBD             65SIGN                              0 
2017/09/10 17:03:20 KBD             3ENTER                              4 1111
2017/09/10 17:19:01 KBD             65SIGN                              1 1
2017/09/10 17:19:03 KBD             3ENTER                              4 1111
2017/09/10 17:19:07 KBD             3ENTER                             12 410636520009
2017/09/10 17:19:14 KBD             3ENTER                              5 58400
2017/09/10 17:19:17 KBD             95POINT                             0 
2017/09/10 17:19:21 KBD             3ENTER                             16 8713230000023737
2017/09/10 17:19:25 KBD             37PRICE_SET                        16 8713230000023737
2017/09/10 17:19:27 KBD             53POINT_CASH                        0 
2017/09/10 17:19:28 KBD             3ENTER                              0 
2017/09/10 17:19:30 KBD             37PRICE_SET                         3 400
2017/09/10 17:19:31 KBD             3ENTER                              0 
2017/09/10 17:19:36 KBD             58CASH                              6 100000
2017/09/10 17:19:36 KBD             3ENTER                              0 
2017/09/10 17:19:37 KBD             3ENTER                              0 
2017/09/10 17:20:41 KBD             3ENTER                              0 
2017/09/10 17:20:44 KBD             3ENTER                             12 410636520009
2017/09/10 17:20:47 KBD             3ENTER                              5 20800
2017/09/10 17:20:53 KBD             58CASH                              5 50000
2017/09/10 17:20:53 KBD             3ENTER                              0 
2017/09/10 17:20:54 KBD             3ENTER                              0 
2017/09/10 17:23:25 KBD             3ENTER                             12 410636520009
2017/09/10 17:23:28 KBD             3ENTER                              6 218800
2017/09/10 17:23:59 KBD             95POINT                             0 
2017/09/10 17:24:03 KBD             3ENTER                             16 8713430008045690
2017/09/10 17:24:10 KBD             37PRICE_SET                        16 8713430008045690
2017/09/10 17:24:12 KBD             53POINT_CASH                        0 
2017/09/10 17:24:13 KBD             3ENTER                              0 
2017/09/10 17:24:17 KBD             37PRICE_SET                         3 800
2017/09/10 17:24:17 KBD             3ENTER                              0 
2017/09/10 17:24:42 KBD             58CASH                              6 220000
2017/09/10 17:24:42 KBD             3ENTER                              0 
2017/09/10 17:26:16 KBD             65SIGN                              0 
2017/09/10 17:26:16 KBD             74SAVE/RECALL                       0 
2017/09/10 17:26:19 KBD             3ENTER                              4 1111
2017/09/10 17:27:45 KBD             65SIGN                              0 
2017/09/10 17:27:46 KBD             3ENTER                              4 1111
2017/09/10 17:27:50 KBD             3ENTER                             12 410636520009
2017/09/10 17:27:52 KBD             3ENTER                              5 24000
2017/09/10 17:27:56 KBD             2ESC                                0 
2017/09/10 17:27:57 KBD             3ENTER                              0 
2017/09/10 17:28:06 KBD             3ENTER                             12 410636520009
2017/09/10 17:28:08 KBD             3ENTER                              5 10000
2017/09/10 17:28:30 KBD             2ESC                                0 
2017/09/10 17:28:30 KBD             3ENTER                              0 
2017/09/10 17:31:06 KBD             74SAVE/RECALL                       0 
2017/09/10 17:31:09 KBD             3ENTER                              0 
2017/09/10 17:31:13 KBD             65SIGN                              0 
2017/09/10 17:31:14 KBD             3ENTER                              3 111
2017/09/10 17:37:43 KBD             65SIGN                              0 
2017/09/10 17:37:44 KBD             3ENTER                              4 1111
2017/09/10 17:37:50 KBD             3ENTER                             12 410636520009
2017/09/10 17:37:52 KBD             3ENTER                              4 1111
2017/09/10 17:37:55 KBD             3ENTER                              4 1111
2017/09/10 17:37:59 KBD             3ENTER                              4 1111
2017/09/10 17:38:09 KBD             65SIGN                              4 1111
2017/09/10 17:38:11 KBD             3ENTER                              4 1111
2017/09/10 17:38:13 KBD             65SIGN                              4 1111
2017/09/10 17:39:19 KBD             3ENTER                              4 1111
2017/09/10 17:39:21 KBD             65SIGN                              4 1111
2017/09/10 17:46:45 KBD             3ENTER                              4 1111
2017/09/10 17:46:49 KBD             65SIGN                              4 1111
2017/09/10 17:46:50 KBD             3ENTER                              4 1111
2017/09/10 17:46:57 KBD             77CASHIER OFF                       4 1111
2017/09/10 17:46:58 KBD             77CASHIER OFF                       4 1111
2017/09/10 17:46:59 KBD             77CASHIER OFF                       4 1111
2017/09/10 17:47:06 KBD             3ENTER                              1 1
2017/09/10 17:47:08 KBD             3ENTER                              2 10
2017/09/10 17:47:10 KBD             3ENTER                              4 1111
2017/09/10 17:47:18 KBD             3ENTER                             12 410636520009
2017/09/10 17:47:19 KBD             3ENTER                             12 410636520009
2017/09/10 17:47:48 KBD             65SIGN                             12 410636520009
2017/09/10 17:47:48 KBD             3ENTER                             12 410636520009
2017/09/10 17:47:51 KBD             3ENTER                              4 1111
2017/09/10 17:47:57 KBD             3ENTER                              4 1000
2017/09/10 17:47:59 KBD             3ENTER                              3 111
2017/09/10 17:49:32 KBD             3ENTER                             12 410636520009
2017/09/10 17:49:35 KBD             3ENTER                              5 58800
2017/09/10 17:49:47 KBD             95POINT                             0 
2017/09/10 17:49:55 KBD             3ENTER                             16 8713430008291493
2017/09/10 17:49:59 KBD             37PRICE_SET                        16 8713430008291493
2017/09/10 17:50:00 KBD             53POINT_CASH                        0 
2017/09/10 17:50:01 KBD             3ENTER                              0 
2017/09/10 17:50:03 KBD             37PRICE_SET                         3 800
2017/09/10 17:50:04 KBD             3ENTER                              0 
2017/09/10 17:50:09 KBD             58CASH                              6 500000
2017/09/10 17:50:09 KBD             3ENTER                              0 
2017/09/10 17:51:26 KBD             65SIGN                              0 
2017/09/10 17:51:28 KBD             3ENTER                              4 1234
2017/09/10 17:52:13 KBD             65SIGN                              0 
2017/09/10 17:52:15 KBD             3ENTER                              4 1234
2017/09/10 17:52:22 KBD             74SAVE/RECALL                       0 
2017/09/10 17:52:27 KBD             3ENTER                              4 0001
2017/09/10 17:52:37 KBD             58CASH                              6 200000
2017/09/10 17:52:37 KBD             3ENTER                              0 
2017/09/10 17:52:40 KBD             3ENTER                              0 
2017/09/10 17:54:02 KBD             65SIGN                              0 
2017/09/10 17:54:04 KBD             3ENTER                              4 1234
2017/09/10 17:58:08 KBD             65SIGN                              0 
2017/09/10 17:58:09 KBD             3ENTER                              4 1234
2017/09/10 17:59:32 KBD             3ENTER                             12 410636520009
2017/09/10 18:02:26 KBD             3ENTER                              6 151500
2017/09/10 18:02:28 KBD             95POINT                             0 
2017/09/10 18:02:31 KBD             3ENTER                             16 8713430009622900
2017/09/10 18:02:35 KBD             37PRICE_SET                        16 8713430009622900
2017/09/10 18:02:58 KBD             58CASH                              6 151500
2017/09/10 18:02:59 KBD             3ENTER                              0 
2017/09/10 18:03:00 KBD             3ENTER                              0 
2017/09/10 18:04:35 KBD             3ENTER                             12 410636520009
2017/09/10 18:04:40 KBD             8BACK SPACE                         6 487010
2017/09/10 18:04:40 KBD             8BACK SPACE                         5 48701
2017/09/10 18:04:42 KBD             3ENTER                              5 48700
2017/09/10 18:04:47 KBD             58CASH                              6 200000
2017/09/10 18:04:47 KBD             3ENTER                              0 
2017/09/10 18:04:48 KBD             3ENTER                              0 
2017/09/10 18:06:17 KBD             3ENTER                             12 410636520009
2017/09/10 18:06:20 KBD             3ENTER                              5 82700
2017/09/10 18:06:26 KBD             58CASH                              6 200000
2017/09/10 18:06:26 KBD             3ENTER                              0 
2017/09/10 18:06:27 KBD             3ENTER                              0 
2017/09/10 18:07:49 KBD             3ENTER                             12 410636520009
2017/09/10 18:08:49 KBD             3ENTER                              6 131000
2017/09/10 18:08:59 KBD             95POINT                             0 
2017/09/10 18:09:03 KBD             3ENTER                             16 8713430008040251
2017/09/10 18:09:04 KBD             37PRICE_SET                        16 8713430008040251
2017/09/10 18:09:11 KBD             58CASH                              6 501000
2017/09/10 18:09:12 KBD             3ENTER                              0 
2017/09/10 18:09:13 KBD             3ENTER                              0 
2017/09/10 18:09:39 KBD             65SIGN                              0 
2017/09/10 18:09:42 KBD             3ENTER                              4 1111
2017/09/10 19:16:52 KBD             3ENTER                              1 1
2017/09/10 19:17:12 KBD             3ENTER                              9 164011452
2017/09/10 19:17:14 KBD             3ENTER                              4 2012
2017/09/10 19:17:25 KBD             65SIGN                              0 
2017/09/10 19:17:27 KBD             3ENTER                              4 1111
2017/09/10 19:40:56 KBD             65SIGN                              0 
2017/09/10 19:40:57 KBD             3ENTER                              4 1111
2017/09/10 19:41:05 KBD             3ENTER                             12 410636520009
2017/09/10 19:41:08 KBD             3ENTER                              5 81000
2017/09/10 19:41:15 KBD             58CASH                              5 10000
2017/09/10 19:41:17 KBD             3ENTER                              0 
2017/09/10 19:41:35 KBD             2ESC                                0 
2017/09/10 19:41:39 KBD             58CASH                              6 100000
2017/09/10 19:41:39 KBD             3ENTER                              0 
2017/09/10 19:41:40 KBD             3ENTER                              0 
2017/09/10 19:41:59 KBD             65SIGN                              0 
2017/09/10 19:42:01 KBD             3ENTER                              4 1234
2017/09/10 19:58:45 KBD             65SIGN                              0 
2017/09/10 19:58:48 KBD             8BACK SPACE                         5 12345
2017/09/10 19:58:48 KBD             8BACK SPACE                         4 1234
2017/09/10 19:58:49 KBD             8BACK SPACE                         3 123
2017/09/10 19:58:49 KBD             8BACK SPACE                         2 12
2017/09/10 19:58:49 KBD             8BACK SPACE                         1 1
2017/09/10 19:58:50 KBD             3ENTER                              4 1234
2017/09/10 20:00:00 KBD             3ENTER                             12 410636520009
2017/09/10 20:00:03 KBD             3ENTER                              6 247500
2017/09/10 20:00:34 KBD             95POINT                             0 
2017/09/10 20:00:40 KBD             3ENTER                             16 8713430010187838
2017/09/10 20:00:43 KBD             37PRICE_SET                        16 8713430010187838
2017/09/10 20:00:47 KBD             58CASH                              6 500000
2017/09/10 20:00:48 KBD             3ENTER                              0 
2017/09/10 20:00:48 KBD             3ENTER                              0 
2017/09/10 20:02:10 KBD             3ENTER                             12 410636520009
2017/09/10 20:02:13 KBD             3ENTER                              5 86000
2017/09/10 20:02:15 KBD             95POINT                             0 
2017/09/10 20:02:17 KBD             3ENTER                             16 8713430009602988
2017/09/10 20:02:21 KBD             37PRICE_SET                        16 8713430009602988
2017/09/10 20:02:24 KBD             58CASH                              6 100000
2017/09/10 20:02:25 KBD             3ENTER                              0 
2017/09/10 20:02:25 KBD             3ENTER                              0 
2017/09/10 20:03:01 KBD             3ENTER                             12 410636520009
2017/09/10 20:03:04 KBD             3ENTER                              5 89200
2017/09/10 20:03:07 KBD             95POINT                             0 
2017/09/10 20:03:09 KBD             3ENTER                             16 8713430009530265
2017/09/10 20:03:13 KBD             37PRICE_SET                        16 8713430009530265
2017/09/10 20:03:14 KBD             53POINT_CASH                        0 
2017/09/10 20:03:15 KBD             3ENTER                              0 
2017/09/10 20:03:18 KBD             37PRICE_SET                         3 200
2017/09/10 20:03:19 KBD             3ENTER                              0 
2017/09/10 20:03:22 KBD             58CASH                              6 100000
2017/09/10 20:03:23 KBD             3ENTER                              0 
2017/09/10 20:03:24 KBD             3ENTER                              0 
2017/09/10 20:03:48 KBD             3ENTER                              0 
2017/09/10 20:03:49 KBD             65SIGN                              0 
2017/09/10 20:03:50 KBD             3ENTER                              4 1111
2017/09/10 20:06:19 KBD             65SIGN                              0 
2017/09/10 20:06:22 KBD             3ENTER                              4 1111
2017/09/10 20:06:26 KBD             3ENTER                             12 410636520009
2017/09/10 20:06:51 KBD             3ENTER                              6 177500
2017/09/10 20:07:11 KBD             58CASH                              6 207000
2017/09/10 20:07:11 KBD             3ENTER                              0 
2017/09/10 20:07:11 KBD             3ENTER                              0 
2017/09/10 20:08:04 KBD             3ENTER                             12 410636520009
2017/09/10 20:08:09 KBD             3ENTER                              5 51200
2017/09/10 20:08:32 KBD             58CASH                              6 100000
2017/09/10 20:08:33 KBD             3ENTER                              0 
2017/09/10 20:08:33 KBD             3ENTER                              0 
2017/09/10 20:09:14 KBD             3ENTER                             12 410636520009
2017/09/10 20:09:19 KBD             3ENTER                              5 89500
2017/09/10 20:09:23 KBD             58CASH                              6 200000
2017/09/10 20:09:24 KBD             3ENTER                              0 
2017/09/10 20:09:24 KBD             3ENTER                              0 
2017/09/10 20:09:48 KBD             3ENTER                             12 410636520009
2017/09/10 20:09:50 KBD             3ENTER                              5 56000
2017/09/10 20:09:53 KBD             95POINT                             0 
2017/09/10 20:09:56 KBD             3ENTER                             16 8713430008699075
2017/09/10 20:09:58 KBD             37PRICE_SET                        16 8713430008699075
2017/09/10 20:10:00 KBD             58CASH                              6 100000
2017/09/10 20:10:01 KBD             3ENTER                              0 
2017/09/10 20:10:01 KBD             3ENTER                              0 
2017/09/10 20:10:56 KBD             3ENTER                             12 410636520009
2017/09/10 20:11:01 KBD             3ENTER                              5 89000
2017/09/10 20:11:01 KBD             95POINT                             0 
2017/09/10 20:11:06 KBD             3ENTER                             16 8713430008699075
2017/09/10 20:11:10 KBD             37PRICE_SET                        16 8713430008699075
2017/09/10 20:11:12 KBD             58CASH                              6 100000
2017/09/10 20:11:12 KBD             3ENTER                              0 
2017/09/10 20:11:12 KBD             3ENTER                              0 
2017/09/10 20:12:21 KBD             3ENTER                             12 410636520009
2017/09/10 20:12:23 KBD             3ENTER                              6 145000
2017/09/10 20:12:38 KBD             58CASH                              6 205000
2017/09/10 20:12:38 KBD             3ENTER                              0 
2017/09/10 20:12:38 KBD             3ENTER                              0 
2017/09/10 20:13:14 KBD             3ENTER                             12 410636520009
2017/09/10 20:13:26 KBD             3ENTER                              5 32600
2017/09/10 20:13:54 KBD             58CASH                              5 52500
2017/09/10 20:13:54 KBD             3ENTER                              0 
2017/09/10 20:13:55 KBD             3ENTER                              0 
2017/09/10 20:15:28 KBD             3ENTER                             12 410636520009
2017/09/10 20:15:34 KBD             3ENTER                              6 182600
2017/09/10 20:15:35 KBD             95POINT                             0 
2017/09/10 20:15:38 KBD             3ENTER                             16 8713430006255008
2017/09/10 20:15:40 KBD             37PRICE_SET                        16 8713430006255008
2017/09/10 20:15:52 KBD             53POINT_CASH                        0 
2017/09/10 20:15:53 KBD             3ENTER                              0 
2017/09/10 20:15:56 KBD             37PRICE_SET                         4 2600
2017/09/10 20:15:57 KBD             3ENTER                              0 
2017/09/10 20:16:02 KBD             58CASH                              6 200000
2017/09/10 20:16:02 KBD             3ENTER                              0 
2017/09/10 20:16:03 KBD             3ENTER                              0 
2017/09/10 20:16:07 KBD             2ESC                                0 
2017/09/10 20:16:09 KBD             3ENTER                              0 
2017/09/10 20:16:29 KBD             3ENTER                             12 410636520009
2017/09/10 20:16:37 KBD             3ENTER                              5 53000
2017/09/10 20:16:55 KBD             58CASH                              5 54000
2017/09/10 20:16:55 KBD             3ENTER                              0 
2017/09/10 20:16:55 KBD             3ENTER                              0 
2017/09/10 20:17:16 KBD             3ENTER                             12 410636520009
2017/09/10 20:17:27 KBD             3ENTER                              5 90600
2017/09/10 20:17:41 KBD             58CASH                              6 100000
2017/09/10 20:17:42 KBD             3ENTER                              0 
2017/09/10 20:17:43 KBD             3ENTER                              0 
2017/09/10 20:18:23 KBD             3ENTER                             12 410636520009
2017/09/10 20:18:28 KBD             3ENTER                              5 47500
2017/09/10 20:18:29 KBD             95POINT                             0 
2017/09/10 20:18:31 KBD             3ENTER                             16 8713430006255008
2017/09/10 20:18:33 KBD             37PRICE_SET                        16 8713430006255008
2017/09/10 20:18:52 KBD             58CASH                              5 50200
2017/09/10 20:18:53 KBD             3ENTER                              0 
2017/09/10 20:18:53 KBD             3ENTER                              0 
2017/09/10 20:19:34 KBD             3ENTER                             12 410636520009
2017/09/10 20:19:38 KBD             3ENTER                              6 101300
2017/09/10 20:19:43 KBD             58CASH                              6 102000
2017/09/10 20:19:44 KBD             3ENTER                              0 
2017/09/10 20:19:44 KBD             3ENTER                              0 
2017/09/10 20:20:34 KBD             3ENTER                             12 410636520009
2017/09/10 20:20:42 KBD             3ENTER                              6 134300
2017/09/10 20:20:49 KBD             58CASH                              6 135000
2017/09/10 20:20:50 KBD             3ENTER                              0 
2017/09/10 20:20:50 KBD             3ENTER                              0 
2017/09/10 20:21:18 KBD             3ENTER                             12 410636520009
2017/09/10 20:21:28 KBD             3ENTER                              5 47000
2017/09/10 20:21:56 KBD             58CASH                              5 46900
2017/09/10 20:21:56 KBD             3ENTER                              0 
2017/09/10 20:21:56 KBD             3ENTER                              0 
2017/09/10 20:22:02 KBD             3ENTER                              0 
2017/09/10 20:22:06 KBD             2ESC                                0 
2017/09/10 20:22:11 KBD             58CASH                              5 47000
2017/09/10 20:22:11 KBD             3ENTER                              0 
2017/09/10 20:22:12 KBD             3ENTER                              0 
2017/09/10 20:23:43 KBD             3ENTER                             12 410636520009
2017/09/10 20:31:11 KBD             3ENTER                              5 32300
2017/09/10 20:31:17 KBD             58CASH                              5 35000
2017/09/10 20:31:18 KBD             3ENTER                              0 
2017/09/10 20:31:18 KBD             3ENTER                              0 
2017/09/10 20:31:37 KBD             3ENTER                             12 410636520009
2017/09/10 20:32:00 KBD             3ENTER                              6 164000
2017/09/10 20:32:07 KBD             58CASH                              6 500000
2017/09/10 20:32:07 KBD             3ENTER                              0 
2017/09/10 20:32:08 KBD             3ENTER                              0 
2017/09/10 20:32:36 KBD             3ENTER                             12 410636520009
2017/09/10 20:32:49 KBD             3ENTER                              6 121000
2017/09/10 20:33:09 KBD             58CASH                              6 522000
2017/09/10 20:33:09 KBD             3ENTER                              0 
2017/09/10 20:33:10 KBD             3ENTER                              0 
2017/09/10 20:33:47 KBD             3ENTER                             12 410636520009
2017/09/10 20:33:52 KBD             3ENTER                              6 322000
2017/09/10 20:34:12 KBD             95POINT                             0 
2017/09/10 20:34:28 KBD             3ENTER                             16 8713430008293385
2017/09/10 20:34:31 KBD             37PRICE_SET                        16 8713430008293385
2017/09/10 20:34:34 KBD             58CASH                              6 522000
2017/09/10 20:34:35 KBD             3ENTER                              0 
2017/09/10 20:34:35 KBD             3ENTER                              0 
2017/09/10 20:39:54 KBD             3ENTER                             12 410636520009
2017/09/10 20:39:59 KBD             3ENTER                              5 17500
2017/09/10 20:40:12 KBD             58CASH                              5 50000
2017/09/10 20:40:16 KBD             95POINT                             0 
2017/09/10 20:40:17 KBD             3ENTER                              0 
2017/09/10 20:40:21 KBD             2ESC                                0 
2017/09/10 20:40:25 KBD             2ESC                                4 5000
2017/09/10 20:40:27 KBD             3ENTER                              0 
2017/09/10 20:40:29 KBD             95POINT                             4 5000
2017/09/10 20:40:39 KBD             3ENTER                             16 8713430009634154
2017/09/10 20:40:41 KBD             37PRICE_SET                        16 8713430009634154
2017/09/10 20:40:45 KBD             58CASH                              5 50000
2017/09/10 20:40:45 KBD             3ENTER                              0 
2017/09/10 20:40:45 KBD             3ENTER                              0 
2017/09/10 20:41:17 KBD             3ENTER                             12 410636520009
2017/09/10 20:41:20 KBD             3ENTER                              6 209000
2017/09/10 20:41:22 KBD             95POINT                             0 
2017/09/10 20:41:24 KBD             3ENTER                             16 8713430006946836
2017/09/10 20:41:27 KBD             37PRICE_SET                        16 8713430006946836
2017/09/10 20:41:37 KBD             58CASH                              6 209000
2017/09/10 20:41:38 KBD             3ENTER                              0 
2017/09/10 20:41:38 KBD             3ENTER                              0 
2017/09/10 20:41:56 KBD             3ENTER                             12 410636520009
2017/09/10 20:42:14 KBD             3ENTER                              5 19000
2017/09/10 20:42:18 KBD             95POINT                             0 
2017/09/10 20:42:24 KBD             3ENTER                             16 8713430009634154
2017/09/10 20:42:25 KBD             37PRICE_SET                        16 8713430009634154
2017/09/10 20:42:28 KBD             58CASH                              5 20000
2017/09/10 20:42:29 KBD             3ENTER                              0 
2017/09/10 20:42:29 KBD             3ENTER                              0 
2017/09/10 20:44:25 KBD             3ENTER                             12 410636520009
2017/09/10 20:44:27 KBD             37PRICE_SET                         2 49
2017/09/10 20:44:30 KBD             3ENTER                              5 49000
2017/09/10 20:44:32 KBD             58CASH                              5 50000
2017/09/10 20:44:33 KBD             3ENTER                              0 
2017/09/10 20:44:33 KBD             3ENTER                              0 
2017/09/10 20:44:53 KBD             3ENTER                             12 410636520009
2017/09/10 20:44:55 KBD             3ENTER                              5 40500
2017/09/10 20:45:03 KBD             58CASH                              5 41000
2017/09/10 20:45:04 KBD             3ENTER                              0 
2017/09/10 20:45:04 KBD             3ENTER                              0 
2017/09/10 20:46:06 KBD             65SIGN                              0 
2017/09/10 20:46:08 KBD             3ENTER                              4 1111
2017/09/10 20:51:48 KBD             65SIGN                              0 
2017/09/10 20:51:49 KBD             3ENTER                              4 1111
2017/09/10 20:52:35 KBD             3ENTER                             12 410636520009
2017/09/10 20:52:38 KBD             3ENTER                              5 33000
2017/09/10 20:52:55 KBD             58CASH                              6 100000
2017/09/10 20:52:56 KBD             3ENTER                              0 
2017/09/10 20:52:56 KBD             3ENTER                              0 
2017/09/10 20:54:13 KBD             81INPUT_OUTPUT                      0 
2017/09/10 20:54:50 KBD             2ESC                                0 
2017/09/10 20:55:48 KBD             65SIGN                              0 
2017/09/10 20:55:49 KBD             3ENTER                              4 1111
2017/09/10 21:01:23 KBD             65SIGN                              0 
2017/09/10 21:01:26 KBD             8BACK SPACE                         5 11110
2017/09/10 21:01:26 KBD             3ENTER                              4 1111
2017/09/10 21:01:29 KBD             3ENTER                             12 410636520009
2017/09/10 21:01:33 KBD             3ENTER                              5 79000
2017/09/10 21:01:36 KBD             58CASH                              6 100000
2017/09/10 21:01:36 KBD             3ENTER                              0 
2017/09/10 21:01:37 KBD             3ENTER                              0 
2017/09/10 21:01:56 KBD             3ENTER                             12 410636520009
2017/09/10 21:01:59 KBD             3ENTER                              5 32600
2017/09/10 21:02:07 KBD             58CASH                              5 40000
2017/09/10 21:02:07 KBD             3ENTER                              0 
2017/09/10 21:02:08 KBD             3ENTER                              0 
2017/09/10 21:03:22 KBD             3ENTER                             12 410636520009
2017/09/10 21:03:47 KBD             2ESC                                1 0
2017/09/10 21:05:22 KBD             3ENTER                             12 410636520009
2017/09/10 21:05:26 KBD             3ENTER                              6 104500
2017/09/10 21:05:39 KBD             58CASH                              6 510000
2017/09/10 21:05:40 KBD             3ENTER                              0 
2017/09/10 21:05:40 KBD             3ENTER                              0 
2017/09/10 21:06:10 KBD             3ENTER                             12 410636520009
2017/09/10 21:07:11 KBD             8BACK SPACE                         5 14647
2017/09/10 21:07:11 KBD             8BACK SPACE                         4 1464
2017/09/10 21:07:11 KBD             8BACK SPACE                         3 146
2017/09/10 21:07:11 KBD             8BACK SPACE                         2 14
2017/09/10 21:07:11 KBD             8BACK SPACE                         1 1
2017/09/10 21:07:12 KBD             2ESC                                0 
2017/09/10 21:07:13 KBD             65SIGN                              0 
2017/09/10 21:07:14 KBD             3ENTER                              4 1111
2017/09/10 21:07:26 KBD             65SIGN                              0 
2017/09/10 21:07:27 KBD             3ENTER                              4 1111
2017/09/10 21:07:31 KBD             3ENTER                             12 410636520009
2017/09/10 21:08:23 KBD             3ENTER                              6 356500
2017/09/10 21:08:26 KBD             58CASH                              6 500000
2017/09/10 21:08:27 KBD             3ENTER                              0 
2017/09/10 21:08:27 KBD             3ENTER                              0 
2017/09/10 21:13:57 KBD             65SIGN                              0 
2017/09/10 21:14:00 KBD             8BACK SPACE                         4 1112
2017/09/10 21:14:00 KBD             8BACK SPACE                         3 111
2017/09/10 21:14:00 KBD             8BACK SPACE                         2 11
2017/09/10 21:14:00 KBD             8BACK SPACE                         1 1
2017/09/10 21:14:02 KBD             3ENTER                              4 1111
2017/09/10 21:28:48 KBD             65SIGN                              0 
2017/09/10 21:28:49 KBD             3ENTER                              4 1111
2017/09/10 21:28:59 KBD             3ENTER                             12 410636520009
2017/09/10 21:29:03 KBD             3ENTER                              3 100
2017/09/10 21:29:06 KBD             58CASH                              3 100
2017/09/10 21:29:06 KBD             3ENTER                              0 
2017/09/10 21:29:06 KBD             3ENTER                              0 
2017/09/10 21:29:20 KBD             77CASHIER OFF                       0 
2017/09/10 21:29:21 KBD             3ENTER                              0 
2017/09/10 21:29:21 KBD             3ENTER                              0 
2017/09/10 21:29:23 KBD             3ENTER                              1 2
2017/09/10 21:29:49 KBD             3ENTER                              9 164011452
2017/09/10 21:29:52 KBD             8BACK SPACE                         3 210
2017/09/10 21:29:53 KBD             8BACK SPACE                         2 21
2017/09/10 21:29:53 KBD             8BACK SPACE                         1 2
2017/09/10 21:29:54 KBD             3ENTER                              4 2012
2017/09/10 21:30:28 KBD             3ENTER                              2 11
2017/09/10 21:30:33 KBD             3ENTER                              1 0
2017/09/10 21:30:54 KBD             3ENTER                              2 11
2017/09/10 21:32:13 KBD             3ENTER                              1 8
2017/09/10 21:32:21 KBD             3ENTER                              1 5
2017/09/10 21:33:36 KBD             3ENTER                              2 33
2017/09/10 21:34:08 KBD             3ENTER                              2 17
2017/09/10 21:34:34 KBD             3ENTER                              2 14
2017/09/10 21:35:47 KBD             3ENTER                              2 28
2017/09/10 21:35:51 KBD             3ENTER                              1 0
2017/09/10 21:36:48 KBD             3ENTER                              2 24
2017/09/10 21:36:52 KBD             37PRICE_SET                         1 0
2017/09/10 21:36:54 KBD             3ENTER                              0 
2017/09/10 21:38:14 KBD             3ENTER                              1 5
2017/09/10 21:38:28 KBD             3ENTER                              9 163401145
2017/09/10 21:38:30 KBD             3ENTER                              4 2012
2017/09/10 21:38:31 KBD             3ENTER                              0 
2017/09/10 21:38:37 KBD             3ENTER                              9 164011452
2017/09/10 21:38:39 KBD             3ENTER                              4 2012
2017/09/10 21:38:42 KBD             3ENTER                              0 
2017/09/10 21:38:44 KBD             3ENTER                              0 
